1597255865.633550 client started (37812): version 3.1b, socket /private/tmp/tmux-501/default, protocol 8
1597255865.633615 on Darwin 19.5.0 Darwin Kernel Version 19.5.0: Tue May 26 20:41:44 PDT 2020; root:xnu-6153.121.2~2/RELEASE_X86_64; libevent 2.1.11-stable (select)
1597255865.633662 socket is /private/tmp/tmux-501/default
1597255865.633688 trying connect
1597255865.633728 connect failed: Connection refused
1597255865.634132 lock file is /private/tmp/tmux-501/default.lock
1597255865.634249 flock succeeded
1597255865.634262 got lock (7)
1597255865.634274 trying connect
1597255865.634293 connect failed: Connection refused
1597255865.635076 add peer 0x7f7fd0008000: 8 (0x0)
1597255865.636629 sending message 100 to peer 0x7f7fd0008000 (4 bytes)
1597255865.636668 sending message 101 to peer 0x7f7fd0008000 (15 bytes)
1597255865.636683 sending message 102 to peer 0x7f7fd0008000 (13 bytes)
1597255865.636699 sending message 108 to peer 0x7f7fd0008000 (34 bytes)
1597255865.636738 sending message 104 to peer 0x7f7fd0008000 (0 bytes)
1597255865.636750 sending message 107 to peer 0x7f7fd0008000 (4 bytes)
1597255865.636762 sending message 105 to peer 0x7f7fd0008000 (60 bytes)
1597255865.636773 sending message 105 to peer 0x7f7fd0008000 (66 bytes)
1597255865.636785 sending message 105 to peer 0x7f7fd0008000 (27 bytes)
1597255865.636796 sending message 105 to peer 0x7f7fd0008000 (15 bytes)
1597255865.636807 sending message 105 to peer 0x7f7fd0008000 (22 bytes)
1597255865.636819 sending message 105 to peer 0x7f7fd0008000 (14 bytes)
1597255865.636829 sending message 105 to peer 0x7f7fd0008000 (17 bytes)
1597255865.636841 sending message 105 to peer 0x7f7fd0008000 (38 bytes)
1597255865.636853 sending message 105 to peer 0x7f7fd0008000 (15 bytes)
1597255865.636865 sending message 105 to peer 0x7f7fd0008000 (28 bytes)
1597255865.636876 sending message 105 to peer 0x7f7fd0008000 (23 bytes)
1597255865.636887 sending message 105 to peer 0x7f7fd0008000 (503 bytes)
1597255865.636898 sending message 105 to peer 0x7f7fd0008000 (75 bytes)
1597255865.636909 sending message 105 to peer 0x7f7fd0008000 (19 bytes)
1597255865.636921 sending message 105 to peer 0x7f7fd0008000 (20 bytes)
1597255865.636933 sending message 105 to peer 0x7f7fd0008000 (20 bytes)
1597255865.636943 sending message 105 to peer 0x7f7fd0008000 (24 bytes)
1597255865.636952 sending message 105 to peer 0x7f7fd0008000 (57 bytes)
1597255865.636964 sending message 105 to peer 0x7f7fd0008000 (17 bytes)
1597255865.636976 sending message 105 to peer 0x7f7fd0008000 (19 bytes)
1597255865.636990 sending message 105 to peer 0x7f7fd0008000 (20 bytes)
1597255865.637002 sending message 105 to peer 0x7f7fd0008000 (61 bytes)
1597255865.637012 sending message 105 to peer 0x7f7fd0008000 (38 bytes)
1597255865.637024 sending message 105 to peer 0x7f7fd0008000 (8 bytes)
1597255865.637035 sending message 105 to peer 0x7f7fd0008000 (36 bytes)
1597255865.637045 sending message 105 to peer 0x7f7fd0008000 (11 bytes)
1597255865.637057 sending message 105 to peer 0x7f7fd0008000 (32 bytes)
1597255865.637069 sending message 105 to peer 0x7f7fd0008000 (11 bytes)
1597255865.637080 sending message 105 to peer 0x7f7fd0008000 (11 bytes)
1597255865.637092 sending message 105 to peer 0x7f7fd0008000 (22 bytes)
1597255865.637102 sending message 105 to peer 0x7f7fd0008000 (30 bytes)
1597255865.637113 sending message 105 to peer 0x7f7fd0008000 (33 bytes)
1597255865.637124 sending message 105 to peer 0x7f7fd0008000 (41 bytes)
1597255865.637135 sending message 105 to peer 0x7f7fd0008000 (29 bytes)
1597255865.637148 sending message 105 to peer 0x7f7fd0008000 (49 bytes)
1597255865.637171 sending message 105 to peer 0x7f7fd0008000 (96 bytes)
1597255865.637186 sending message 105 to peer 0x7f7fd0008000 (55 bytes)
1597255865.637195 sending message 105 to peer 0x7f7fd0008000 (55 bytes)
1597255865.637205 sending message 105 to peer 0x7f7fd0008000 (24 bytes)
1597255865.637217 sending message 105 to peer 0x7f7fd0008000 (73 bytes)
1597255865.637228 sending message 105 to peer 0x7f7fd0008000 (34 bytes)
1597255865.637240 sending message 105 to peer 0x7f7fd0008000 (11 bytes)
1597255865.637276 sending message 105 to peer 0x7f7fd0008000 (8 bytes)
1597255865.637284 sending message 105 to peer 0x7f7fd0008000 (21 bytes)
1597255865.637292 sending message 105 to peer 0x7f7fd0008000 (20 bytes)
1597255865.637300 sending message 105 to peer 0x7f7fd0008000 (14 bytes)
1597255865.637308 sending message 105 to peer 0x7f7fd0008000 (15 bytes)
1597255865.637315 sending message 105 to peer 0x7f7fd0008000 (27 bytes)
1597255865.637322 sending message 105 to peer 0x7f7fd0008000 (18 bytes)
1597255865.637329 sending message 105 to peer 0x7f7fd0008000 (14 bytes)
1597255865.637335 sending message 105 to peer 0x7f7fd0008000 (18 bytes)
1597255865.637342 sending message 105 to peer 0x7f7fd0008000 (20 bytes)
1597255865.637349 sending message 105 to peer 0x7f7fd0008000 (23 bytes)
1597255865.637356 sending message 105 to peer 0x7f7fd0008000 (11 bytes)
1597255865.637364 sending message 105 to peer 0x7f7fd0008000 (16 bytes)
1597255865.637374 sending message 105 to peer 0x7f7fd0008000 (15 bytes)
1597255865.637382 sending message 105 to peer 0x7f7fd0008000 (15 bytes)
1597255865.637389 sending message 105 to peer 0x7f7fd0008000 (15 bytes)
1597255865.637396 sending message 105 to peer 0x7f7fd0008000 (23 bytes)
1597255865.637404 sending message 105 to peer 0x7f7fd0008000 (15 bytes)
1597255865.637411 sending message 105 to peer 0x7f7fd0008000 (17 bytes)
1597255865.637420 sending message 105 to peer 0x7f7fd0008000 (9 bytes)
1597255865.637427 sending message 105 to peer 0x7f7fd0008000 (17 bytes)
1597255865.637434 sending message 105 to peer 0x7f7fd0008000 (14 bytes)
1597255865.637440 sending message 105 to peer 0x7f7fd0008000 (10 bytes)
1597255865.637448 sending message 105 to peer 0x7f7fd0008000 (22 bytes)
1597255865.637455 sending message 106 to peer 0x7f7fd0008000 (0 bytes)
1597255865.637466 sending message 200 to peer 0x7f7fd0008000 (4 bytes)
1597255865.637473 client loop enter
1597255865.707055 peer 0x7f7fd0008000 message 207
1597255865.707072 sending message 208 to peer 0x7f7fd0008000 (0 bytes)
1597255865.707542 peer 0x7f7fd0008000 message 203
1597255865.707556 sending message 205 to peer 0x7f7fd0008000 (0 bytes)
1597255865.707743 peer 0x7f7fd0008000 message 204
1597255865.707756 client loop exit
